<?xml version="1.0" encoding="UTF-8"?>
<!-- Generated by org.testng.reporters.JUnitReportReporter -->
<testsuite hostname="DESKTOP-ANE9MV9" failures="0" tests="1" name="addcardfeature.AddItemToCardRunner" time="25.465" errors="0" timestamp="2025-05-30T12:18:10 IST" skipped="0">
  <testcase classname="addcardfeature.AddItemToCardRunner" name="runScenario" time="25.465"/>
  <system-out/>
</testsuite> <!-- addcardfeature.AddItemToCardRunner -->
